c:\peanut-gb\peanutcolor\peanutcolor\x64\debug\vc143.pdb
c:\peanut-gb\peanutcolor\peanutcolor\x64\debug\vc143.idb
c:\peanut-gb\peanutcolor\peanutcolor\x64\debug\peanut_sdl.obj
c:\peanut-gb\peanutcolor\x64\debug\peanutcolor.pdb
c:\peanut-gb\peanutcolor\peanutcolor\x64\debug\peanutcolor.tlog\cl.command.1.tlog
c:\peanut-gb\peanutcolor\peanutcolor\x64\debug\peanutcolor.tlog\cl.items.tlog
c:\peanut-gb\peanutcolor\peanutcolor\x64\debug\peanutcolor.tlog\cl.read.1.tlog
c:\peanut-gb\peanutcolor\peanutcolor\x64\debug\peanutcolor.tlog\cl.write.1.tlog
c:\peanut-gb\peanutcolor\peanutcolor\x64\debug\peanutcolor.tlog\link-cvtres.read.1.tlog
c:\peanut-gb\peanutcolor\peanutcolor\x64\debug\peanutcolor.tlog\link-cvtres.write.1.tlog
c:\peanut-gb\peanutcolor\peanutcolor\x64\debug\peanutcolor.tlog\link-rc.read.1.tlog
c:\peanut-gb\peanutcolor\peanutcolor\x64\debug\peanutcolor.tlog\link-rc.write.1.tlog
c:\peanut-gb\peanutcolor\peanutcolor\x64\debug\peanutcolor.tlog\link.18052-cvtres.read.1.tlog
c:\peanut-gb\peanutcolor\peanutcolor\x64\debug\peanutcolor.tlog\link.18052-cvtres.write.1.tlog
c:\peanut-gb\peanutcolor\peanutcolor\x64\debug\peanutcolor.tlog\link.18052-rc.read.1.tlog
c:\peanut-gb\peanutcolor\peanutcolor\x64\debug\peanutcolor.tlog\link.18052-rc.write.1.tlog
c:\peanut-gb\peanutcolor\peanutcolor\x64\debug\peanutcolor.tlog\link.18052.read.1.tlog
c:\peanut-gb\peanutcolor\peanutcolor\x64\debug\peanutcolor.tlog\link.18052.read.2.tlog
c:\peanut-gb\peanutcolor\peanutcolor\x64\debug\peanutcolor.tlog\link.18052.write.1.tlog
c:\peanut-gb\peanutcolor\peanutcolor\x64\debug\peanutcolor.tlog\link.command.1.tlog
c:\peanut-gb\peanutcolor\peanutcolor\x64\debug\peanutcolor.tlog\link.read.1.tlog
c:\peanut-gb\peanutcolor\peanutcolor\x64\debug\peanutcolor.tlog\link.read.2.tlog
c:\peanut-gb\peanutcolor\peanutcolor\x64\debug\peanutcolor.tlog\link.write.1.tlog
